<?xml version="1.0" encoding="UTF-8"?>
<testng-results ignored="0" total="2" passed="2" failed="0" skipped="0">
  <reporter-output>
  </reporter-output>
  <suite started-at="2023-09-19T19:44:45 IST" name="Suite" finished-at="2023-09-19T19:45:06 IST" duration-ms="21024">
    <groups>
    </groups>
    <test started-at="2023-09-19T19:44:45 IST" name="Test" finished-at="2023-09-19T19:45:06 IST" duration-ms="21024">
      <class name="com.seleniumPractice.WebTable">
        <test-method is-config="true" signature="setUp()[pri:0, instance:com.seleniumPractice.WebTable@6bb7cce7]" started-at="2023-09-19T19:44:45 IST" name="setUp" finished-at="2023-09-19T19:45:03 IST" duration-ms="18178" status="PASS">
          <reporter-output>
          </reporter-output>
        </test-method> <!-- setUp -->
        <test-method signature="getWebTableData()[pri:0, instance:com.seleniumPractice.WebTable@6bb7cce7]" started-at="2023-09-19T19:45:03 IST" name="getWebTableData" finished-at="2023-09-19T19:45:03 IST" duration-ms="238" status="PASS">
          <reporter-output>
          </reporter-output>
        </test-method> <!-- getWebTableData -->
        <test-method signature="getWebTableData2()[pri:0, instance:com.seleniumPractice.WebTable@6bb7cce7]" started-at="2023-09-19T19:45:03 IST" name="getWebTableData2" finished-at="2023-09-19T19:45:03 IST" duration-ms="30" status="PASS">
          <reporter-output>
          </reporter-output>
        </test-method> <!-- getWebTableData2 -->
        <test-method is-config="true" signature="tearDown()[pri:0, instance:com.seleniumPractice.WebTable@6bb7cce7]" started-at="2023-09-19T19:45:03 IST" name="tearDown" finished-at="2023-09-19T19:45:06 IST" duration-ms="2543" status="PASS">
          <reporter-output>
          </reporter-output>
        </test-method> <!-- tearDown -->
      </class> <!-- com.seleniumPractice.WebTable -->
    </test> <!-- Test -->
  </suite> <!-- Suite -->
</testng-results>
