<?xml version="1.0" encoding="UTF-8"?>
<testng-results ignored="0" total="2" passed="2" failed="0" skipped="0">
  <reporter-output>
  </reporter-output>
  <suite started-at="2023-09-19T18:54:18 IST" name="Default suite" finished-at="2023-09-19T18:54:57 IST" duration-ms="39180">
    <groups>
    </groups>
    <test started-at="2023-09-19T18:54:18 IST" name="Default test" finished-at="2023-09-19T18:54:57 IST" duration-ms="39180">
      <class name="com.seleniumPractice.WebTable">
        <test-method is-config="true" signature="setUp()[pri:0, instance:com.seleniumPractice.WebTable@4cd1c1dc]" started-at="2023-09-19T18:54:18 IST" name="setUp" finished-at="2023-09-19T18:54:52 IST" duration-ms="33964" status="PASS">
          <reporter-output>
          </reporter-output>
        </test-method> <!-- setUp -->
        <test-method signature="getWebTableData()[pri:0, instance:com.seleniumPractice.WebTable@4cd1c1dc]" started-at="2023-09-19T18:54:52 IST" name="getWebTableData" finished-at="2023-09-19T18:54:52 IST" duration-ms="370" status="PASS">
          <reporter-output>
          </reporter-output>
        </test-method> <!-- getWebTableData -->
        <test-method signature="getWebTableData2()[pri:0, instance:com.seleniumPractice.WebTable@4cd1c1dc]" started-at="2023-09-19T18:54:52 IST" name="getWebTableData2" finished-at="2023-09-19T18:54:53 IST" duration-ms="43" status="PASS">
          <reporter-output>
          </reporter-output>
        </test-method> <!-- getWebTableData2 -->
        <test-method is-config="true" signature="tearDown()[pri:0, instance:com.seleniumPractice.WebTable@4cd1c1dc]" started-at="2023-09-19T18:54:53 IST" name="tearDown" finished-at="2023-09-19T18:54:57 IST" duration-ms="4746" status="PASS">
          <reporter-output>
          </reporter-output>
        </test-method> <!-- tearDown -->
      </class> <!-- com.seleniumPractice.WebTable -->
    </test> <!-- Default test -->
  </suite> <!-- Default suite -->
</testng-results>
